<?xml version="1.0" encoding="UTF-8"?>
<!-- Generated by org.testng.reporters.JUnitXMLReporter -->
<testsuite hostname="hsdeMacBook-Pro" tests="12" failures="0" timestamp="10 Sep 2019 05:50:27 GMT" time="14.67" errors="0">
  <testcase name="afterClassTest" time="0.003" classname="NewTestTest"/>
  <testcase name="afterMethodTest" time="0.001" classname="NewTestTest"/>
  <testcase name="afterSuiteTest" time="0.001" classname="NewTestTest"/>
  <testcase name="afterTestTest" time="0.0" classname="NewTestTest"/>
  <testcase name="beforeClassTest" time="0.001" classname="NewTestTest"/>
  <testcase name="beforeMethodTest" time="0.0" classname="NewTestTest"/>
  <testcase name="beforeSuiteTest" time="0.0" classname="NewTestTest"/>
  <testcase name="beforeTestTest" time="0.001" classname="NewTestTest"/>
  <testcase name="dpTest" time="0.001" classname="NewTestTest"/>
  <testcase name="f" time="0.001" classname="NewTestTest"/>
  <testcase name="f" time="0.001" classname="NewTestTest"/>
  <testcase name="fTest" time="3.786" classname="NewTestTest"/>
</testsuite>
